<?xml version="1.0" encoding="UTF-8"?>
<beans xmlns="http://www.springframework.org/schema/beans"
       xmlns:xsi="http://www.w3.org/2001/XMLSchema-instance"
       xmlns:context="http://www.springframework.org/schema/context"
       xmlns:jdbc="http://www.springframework.org/schema/jdbc" xmlns:tx="http://www.springframework.org/schema/tx"
       xsi:schemaLocation="http://www.springframework.org/schema/beans
                           http://www.springframework.org/schema/beans/spring-beans.xsd
                           http://www.springframework.org/schema/jdbc
                           http://www.springframework.org/schema/jdbc/spring-jdbc-4.0.xsd
                           http://www.springframework.org/schema/context
                           http://www.springframework.org/schema/context/spring-context.xsd http://www.springframework.org/schema/tx http://www.springframework.org/schema/tx/spring-tx.xsd">


    <context:annotation-config/>
    <context:component-scan base-package="com.javamonkeys.dao"/>

    <jdbc:embedded-database id="dataSource" type="H2">
        <jdbc:script location="classpath*:sql/schema.sql"/>
        <jdbc:script location="classpath*:sql/test-data.sql"/>
    </jdbc:embedded-database>

    <!-- Hibernate 4 SessionFactory Bean definition -->
    <bean id="hibernateSessionFactory"
          class="org.springframework.orm.hibernate4.LocalSessionFactoryBean">
        <property name="dataSource" ref="dataSource"/>
        <property name="configLocation" value="classpath:hibernate.cfg.xml"/>
        <property name="packagesToScan">
            <list>
                <value>com.javamonkeys.dao.user</value>
                <value>com.javamonkeys.dao.game</value>
            </list>
        </property>
        <property name="hibernateProperties">
            <props>
                <prop key="hibernate.dialect">org.hibernate.dialect.H2Dialect</prop>
            </props>
        </property>
    </bean>

    <bean id="transactionManager"
          class="org.springframework.orm.hibernate4.HibernateTransactionManager">
        <property name="sessionFactory" ref="hibernateSessionFactory" />
    </bean>

    <tx:annotation-driven transaction-manager="transactionManager"/>

</beans>